<?xml version="1.0" encoding="UTF-8"?>
<!-- Generated by org.testng.reporters.JUnitReportReporter -->
<testsuite hostname="Imperetors" failures="0" tests="1" name="testclasses.Navigate_login_page" time="0.016" errors="0" timestamp="2025-02-26T12:45:37 EST" skipped="0">
  <testcase classname="testclasses.Navigate_login_page" name="f" time="0.016"/>
</testsuite> <!-- testclasses.Navigate_login_page -->
