<?xml version="1.0" encoding="UTF-8"?>
<!-- Generated by org.testng.reporters.JUnitReportReporter -->
<testsuite hostname="Imperetors" failures="0" tests="1" name="testclasses.TC001_Login_page" time="22.048" errors="0" timestamp="2025-03-03T14:42:02 EST" skipped="0">
  <testcase classname="testclasses.TC001_Login_page" name="validateLogin" time="22.048"/>
</testsuite> <!-- testclasses.TC001_Login_page -->
