<?xml version="1.0" encoding="UTF-8"?>
<!-- Generated by org.testng.reporters.JUnitReportReporter -->
<testsuite hostname="Imperetors" failures="0" tests="1" name="testclasses.TC001_Login_page" time="21.373" errors="0" timestamp="2025-03-03T17:01:57 EST" skipped="0">
  <testcase classname="testclasses.TC001_Login_page" name="validateLogin" time="21.373"/>
</testsuite> <!-- testclasses.TC001_Login_page -->
